2018-12-02 23:44:35,433 - INFO - Step 1: Administration
2018-12-02 23:44:35,434 - INFO - Output directory: results/
2018-12-02 23:44:35,434 - INFO - Command: photometry.py --ana-thresh 1 --ap-diam 1.0 2.0 3.0 4.0 --ap-diam-ul 2 --back-filtersize 3 --back-size 64 --deblend-mincont 1e-05 --deblend-nthresh 64 --dec 0.725972 --det-thresh 1 --fits SN2015bn_SDSS_r.fits --gain None --host-offset 5 --keeptemp False --loglevel INFO --mag-cut 12.0 --mag-stdbright 0 --mag-stdfaint 0 --maxstars 200 --outdir results/ --ra 173.423125 --ref-cat SDSS --ref-filter r --ref-radius 10 --sex-loglevel WARNING --tol 1 
2018-12-02 23:44:35,473 - INFO - Is the object in the image footprint: Passed
2018-12-02 23:44:35,474 - INFO - Step 2: Flux calibration
2018-12-02 23:44:35,474 - INFO - Retrieve catalogue from VIZIER
2018-12-02 23:44:38,958 - INFO - Copy of the catalogue is stored in results/SN2015bn_SDSS_r_SDSS_r.cat
2018-12-02 23:44:38,982 - INFO - Building the local sequence
2018-12-02 23:44:38,982 - INFO - Remove all stars that are brighter than 12.00 mag
2018-12-02 23:44:39,074 - WARNING - Ouch, SExtractor complains :
2018-12-02 23:44:39,074 - WARNING - b''
2018-12-02 23:44:39,816 - INFO - 306 stars identified to build local sequence
2018-12-02 23:44:39,816 - INFO - Pruning:
2018-12-02 23:44:39,817 - INFO - 1) Ellipticity of < 20%
2018-12-02 23:44:39,817 - INFO - 2) Objects with sextractor flag == 0
2018-12-02 23:44:39,817 - INFO - 3) FHWM(PSF) < MEDIAN + 1.5 x IQR
2018-12-02 23:44:39,817 - INFO - 4) Limiting the number to 200
2018-12-02 23:44:39,817 - INFO - 5) Only consider stars with measurements errors between 0.001 and 0.2 mag
2018-12-02 23:44:39,874 - INFO - 200 stars remain after pruning
2018-12-02 23:44:39,874 - INFO - Cross-match catalogues
2018-12-02 23:44:44,967 - INFO - Magnitude range: -6.10 - -0.80
2018-12-02 23:44:44,968 - INFO - Final number of stars in the local sequenc: 171
2018-12-02 23:44:44,968 - INFO - Step 3: Zeropoint calculation
2018-12-02 23:44:44,969 - INFO - Run Sextractor
2018-12-02 23:44:45,092 - WARNING - Ouch, SExtractor complains :
2018-12-02 23:44:45,093 - WARNING - b''
2018-12-02 23:44:45,828 - INFO - Compute zeropoint
2018-12-02 23:44:45,867 - INFO - MAG_AUTO
2018-12-02 23:44:45,867 - INFO - ['22.446' '22.444' '22.453' '22.439' '22.437' '22.443' '22.443' '22.595'
 '22.447' '22.448' '22.467' '22.453' '22.440' '22.458' '22.448' '22.439'
 '22.434' '22.445' '22.459' '22.468' '22.434' '22.524' '22.407' '22.437'
 '22.447' '22.437' '22.439' '22.450' '22.445' '22.448' '22.434' '22.431'
 '22.415' '22.429' '22.193' '22.415' '22.437' '22.461' '22.438' '22.436'
 '22.437' '22.399' '22.435' '22.434' '22.423' '22.458' '22.450' '22.423'
 '22.450' '22.437' '22.443' '22.417' '22.425' '22.431' '22.425' '22.455'
 '22.427' '22.459' '22.448' '22.394' '22.388' '22.499' '22.435' '22.423'
 '22.368' '22.427' '22.412' '22.417' '22.392' '22.381' '22.401' '22.445'
 '22.377' '22.394' '22.427' '22.389' '22.423' '22.570' '22.429' '22.396'
 '22.403' '22.436' '22.399' '22.366' '22.715' '22.445' '22.529' '22.476'
 '22.434' '22.437' '24.427' '22.359' '22.399' '22.466' '22.679' '22.550'
 '22.322' '22.391' '22.439' '22.368' '22.471' '22.426' '22.562' '22.422'
 '22.308' '22.402' '22.459' '22.419' '22.427' '22.556' '22.364' '22.370'
 '22.440' '22.476' '22.399' '22.446' '22.396' '22.851' '22.453' '23.034'
 '22.510' '22.355' '22.358' '22.488' '22.324' '22.377' '22.540' '22.530'
 '22.439' '22.967' '22.366' '22.450' '22.459' '22.427' '22.449' '22.431'
 '22.548' '22.411' '22.520' '22.386' '22.385' '22.579' '22.427' '22.419'
 '22.455' '22.473' '22.781' '22.453' '22.428' '22.443' '22.486' '22.357'
 '22.409' '22.296' '22.487' '22.290' '22.884' '22.465' '22.385' '22.496'
 '22.372' '22.619' '22.427' '22.397' '22.678' '22.376' '22.382' '22.533'
 '22.460' '22.341' '22.226']
2018-12-02 23:44:45,868 - INFO - ['0.004' '0.004' '0.005' '0.005' '0.005' '0.005' '0.005' '0.005' '0.005'
 '0.005' '0.006' '0.006' '0.006' '0.005' '0.006' '0.006' '0.006' '0.006'
 '0.006' '0.007' '0.006' '0.007' '0.006' '0.007' '0.007' '0.007' '0.007'
 '0.007' '0.007' '0.007' '0.007' '0.007' '0.007' '0.007' '0.008' '0.008'
 '0.007' '0.009' '0.008' '0.008' '0.008' '0.009' '0.010' '0.010' '0.010'
 '0.009' '0.011' '0.011' '0.011' '0.011' '0.011' '0.012' '0.013' '0.012'
 '0.013' '0.013' '0.013' '0.015' '0.014' '0.014' '0.015' '0.016' '0.016'
 '0.016' '0.016' '0.017' '0.018' '0.017' '0.018' '0.019' '0.019' '0.017'
 '0.018' '0.020' '0.019' '0.019' '0.022' '0.020' '0.022' '0.020' '0.021'
 '0.023' '0.024' '0.022' '0.025' '0.024' '0.024' '0.023' '0.025' '0.023'
 '0.098' '0.024' '0.024' '0.026' '0.025' '0.027' '0.026' '0.028' '0.026'
 '0.026' '0.027' '0.027' '0.028' '0.031' '0.028' '0.029' '0.032' '0.033'
 '0.033' '0.029' '0.031' '0.031' '0.034' '0.035' '0.035' '0.033' '0.031'
 '0.033' '0.036' '0.034' '0.034' '0.033' '0.035' '0.036' '0.034' '0.035'
 '0.037' '0.037' '0.036' '0.038' '0.040' '0.037' '0.040' '0.039' '0.040'
 '0.038' '0.037' '0.039' '0.040' '0.040' '0.039' '0.040' '0.041' '0.043'
 '0.045' '0.042' '0.044' '0.047' '0.043' '0.046' '0.050' '0.046' '0.045'
 '0.046' '0.047' '0.049' '0.054' '0.055' '0.053' '0.061' '0.054' '0.055'
 '0.056' '0.061' '0.062' '0.061' '0.060' '0.065' '0.065' '0.071' '0.071']
2018-12-02 23:44:46,019 - INFO - MAG_PETRO
2018-12-02 23:44:46,019 - INFO - ['22.458' '22.455' '22.479' '22.466' '22.462' '22.481' '22.457' '22.612'
 '22.460' '22.487' '22.496' '22.483' '22.452' '22.490' '22.461' '22.472'
 '22.463' '22.464' '22.484' '22.498' '22.470' '22.544' '22.446' '22.441'
 '22.458' '22.469' '22.475' '22.477' '22.475' '22.476' '22.483' '22.444'
 '22.459' '22.479' '22.207' '22.452' '22.477' '22.492' '22.487' '22.494'
 '22.492' '22.447' '22.467' '22.470' '22.448' '22.497' '22.505' '22.447'
 '22.508' '22.469' '22.480' '22.449' '22.444' '22.487' '22.457' '22.525'
 '22.481' '22.485' '22.484' '22.437' '22.433' '22.529' '22.458' '22.427'
 '22.422' '22.458' '22.442' '22.449' '22.424' '22.421' '22.433' '22.518'
 '22.419' '22.441' '22.474' '22.428' '22.480' '22.574' '22.455' '22.469'
 '22.472' '22.460' '22.405' '22.405' '22.735' '22.468' '22.587' '22.527'
 '22.479' '22.508' '24.466' '22.415' '22.456' '22.445' '22.779' '22.588'
 '22.340' '22.422' '22.481' '22.430' '22.517' '22.467' '22.620' '22.446'
 '22.334' '22.403' '22.509' '22.459' '22.461' '22.830' '22.418' '22.357'
 '22.509' '22.521' '22.380' '22.517' '22.479' '22.803' '22.541' '22.980'
 '22.579' '22.417' '22.330' '22.490' '22.379' '22.446' '22.596' '22.565'
 '22.474' '22.933' '22.379' '22.498' '22.474' '22.417' '22.489' '22.470'
 '22.659' '22.503' '22.546' '22.457' '22.440' '22.612' '22.427' '22.479'
 '22.493' '22.656' '22.952' '22.521' '22.609' '22.465' '22.469' '22.406'
 '22.411' '22.318' '22.587' '22.293' '23.086' '22.508' '22.404' '22.516'
 '22.388' '22.663' '22.334' '22.525' '22.712' '22.430' '22.418' '22.662'
 '22.234' '22.563' '22.416']
2018-12-02 23:44:46,020 - INFO - ['0.004' '0.004' '0.006' '0.006' '0.006' '0.005' '0.006' '0.006' '0.006'
 '0.005' '0.006' '0.006' '0.006' '0.005' '0.006' '0.006' '0.006' '0.006'
 '0.006' '0.007' '0.007' '0.007' '0.007' '0.007' '0.007' '0.008' '0.008'
 '0.008' '0.008' '0.008' '0.008' '0.008' '0.008' '0.008' '0.008' '0.009'
 '0.009' '0.010' '0.010' '0.010' '0.010' '0.010' '0.011' '0.011' '0.011'
 '0.010' '0.012' '0.013' '0.014' '0.013' '0.013' '0.013' '0.017' '0.015'
 '0.017' '0.016' '0.016' '0.016' '0.018' '0.019' '0.019' '0.021' '0.020'
 '0.021' '0.021' '0.021' '0.021' '0.024' '0.023' '0.024' '0.022' '0.022'
 '0.021' '0.025' '0.023' '0.026' '0.026' '0.020' '0.029' '0.026' '0.024'
 '0.026' '0.028' '0.030' '0.025' '0.027' '0.030' '0.029' '0.028' '0.032'
 '0.100' '0.032' '0.031' '0.030' '0.027' '0.031' '0.035' '0.035' '0.033'
 '0.034' '0.034' '0.033' '0.030' '0.039' '0.040' '0.042' '0.037' '0.041'
 '0.040' '0.035' '0.038' '0.055' '0.037' '0.045' '0.048' '0.040' '0.037'
 '0.032' '0.049' '0.033' '0.035' '0.051' '0.058' '0.049' '0.046' '0.050'
 '0.044' '0.045' '0.039' '0.037' '0.048' '0.042' '0.042' '0.049' '0.046'
 '0.042' '0.043' '0.040' '0.044' '0.048' '0.048' '0.051' '0.054' '0.047'
 '0.059' '0.061' '0.055' '0.057' '0.058' '0.071' '0.067' '0.059' '0.063'
 '0.070' '0.051' '0.062' '0.052' '0.059' '0.061' '0.075' '0.078' '0.051'
 '0.085' '0.074' '0.063' '0.074' '0.093' '0.077' '0.111' '0.095' '0.093']
2018-12-02 23:44:46,142 - INFO - MAG_APER
2018-12-02 23:44:46,142 - INFO - ['22.365' '22.351' '22.308' '22.359' '22.213' '21.936' '22.349' '22.483'
 '22.365' '21.891' '22.326' '22.299' '22.353' '21.890' '22.373' '22.365'
 '22.149' '22.368' '22.273' '22.372' '22.171' '22.415' '21.883' '22.283'
 '22.363' '22.361' '22.363' '22.284' '22.309' '22.373' '21.886' '22.357'
 '22.025' '21.899' '22.082' '22.181' '21.854' '22.325' '22.049' '22.152'
 '22.204' '22.020' '22.359' '22.367' '22.359' '22.168' '22.276' '22.359'
 '22.282' '22.354' '22.293' '22.296' '22.266' '22.052' '22.300' '22.197'
 '22.186' '22.368' '22.239' '22.033' '22.255' '22.365' '22.283' '22.276'
 '22.184' '22.320' '22.325' '22.167' '22.273' '22.306' '22.356' '21.898'
 '22.030' '22.275' '21.948' '22.176' '22.369' '22.405' '22.380' '21.863'
 '22.013' '22.362' '22.341' '22.161' '22.611' '22.369' '22.356' '22.186'
 '22.299' '21.910' '24.279' '22.016' '21.878' '22.266' '22.307' '22.421'
 '22.126' '22.338' '21.897' '22.005' '22.220' '22.317' '22.208' '22.354'
 '21.837' '21.876' '22.372' '22.351' '22.368' '21.870' '22.115' '22.053'
 '22.360' '22.363' '22.339' '22.302' '22.153' '22.392' '22.360' '22.300'
 '22.307' '22.019' '22.189' '22.327' '21.836' '22.149' '22.391' '22.359'
 '22.188' '22.393' '22.338' '22.317' '22.349' '22.311' '22.341' '22.286'
 '21.897' '22.256' '22.378' '22.326' '21.933' '22.144' '22.232' '22.345'
 '22.264' '21.843' '22.308' '22.361' '21.849' '22.275' '22.394' '22.163'
 '22.073' '22.144' '22.209' '22.125' '22.455' '22.372' '21.835' '22.345'
 '21.937' '22.332' '22.222' '22.257' '22.357' '22.183' '21.892' '22.351'
 '22.277' '21.934' '21.863']
2018-12-02 23:44:46,143 - INFO - ['0.004' '0.004' '0.005' '0.005' '0.005' '0.004' '0.005' '0.005' '0.005'
 '0.004' '0.005' '0.005' '0.005' '0.004' '0.005' '0.005' '0.005' '0.005'
 '0.005' '0.006' '0.005' '0.006' '0.005' '0.007' '0.007' '0.007' '0.007'
 '0.007' '0.007' '0.007' '0.006' '0.007' '0.006' '0.006' '0.007' '0.007'
 '0.006' '0.008' '0.007' '0.007' '0.007' '0.007' '0.009' '0.009' '0.010'
 '0.007' '0.009' '0.010' '0.010' '0.010' '0.010' '0.010' '0.011' '0.009'
 '0.012' '0.010' '0.010' '0.013' '0.012' '0.011' '0.013' '0.014' '0.013'
 '0.013' '0.014' '0.015' '0.016' '0.014' '0.015' '0.016' '0.017' '0.013'
 '0.013' '0.016' '0.014' '0.016' '0.019' '0.016' '0.019' '0.015' '0.015'
 '0.020' '0.021' '0.018' '0.020' '0.021' '0.019' '0.018' '0.020' '0.017'
 '0.097' '0.018' '0.017' '0.022' '0.018' '0.022' '0.022' '0.025' '0.019'
 '0.019' '0.021' '0.022' '0.021' '0.028' '0.021' '0.021' '0.028' '0.030'
 '0.030' '0.020' '0.024' '0.025' '0.028' '0.031' '0.033' '0.026' '0.022'
 '0.025' '0.031' '0.027' '0.025' '0.025' '0.030' '0.031' '0.025' '0.027'
 '0.031' '0.031' '0.028' '0.031' '0.038' '0.031' '0.035' '0.033' '0.035'
 '0.030' '0.027' '0.032' '0.033' '0.033' '0.029' '0.030' '0.033' '0.035'
 '0.039' '0.032' '0.032' '0.040' '0.032' '0.039' '0.045' '0.036' '0.034'
 '0.036' '0.033' '0.040' '0.042' '0.047' '0.039' '0.057' '0.041' '0.037'
 '0.040' '0.052' '0.047' '0.049' '0.046' '0.050' '0.049' '0.055' '0.052']
2018-12-02 23:44:46,262 - INFO - MAG_APER_1
2018-12-02 23:44:46,262 - INFO - ['22.467' '22.463' '22.467' '22.464' '22.435' '22.371' '22.467' '22.618'
 '22.474' '22.360' '22.484' '22.469' '22.468' '22.365' '22.476' '22.473'
 '22.426' '22.481' '22.466' '22.495' '22.433' '22.541' '22.344' '22.443'
 '22.471' '22.471' '22.479' '22.464' '22.463' '22.479' '22.352' '22.456'
 '22.379' '22.351' '22.223' '22.421' '22.346' '22.486' '22.400' '22.425'
 '22.444' '22.370' '22.473' '22.479' '22.472' '22.448' '22.489' '22.452'
 '22.479' '22.479' '22.473' '22.451' '22.436' '22.405' '22.450' '22.457'
 '22.436' '22.492' '22.471' '22.379' '22.420' '22.519' '22.472' '22.465'
 '22.404' '22.463' '22.446' '22.433' '22.414' '22.419' '22.433' '22.347'
 '22.361' '22.436' '22.377' '22.414' '22.484' '22.621' '22.465' '22.338'
 '22.366' '22.477' '22.418' '22.405' '22.784' '22.510' '22.545' '22.479'
 '22.480' '22.373' '24.458' '22.343' '22.338' '22.435' '22.620' '22.591'
 '22.351' '22.434' '22.364' '22.358' '22.482' '22.457' '22.489' '22.456'
 '22.293' '22.347' '22.503' '22.467' '22.474' '22.396' '22.378' '22.384'
 '22.529' '22.513' '22.374' '22.515' '22.388' '22.751' '22.493' '22.727'
 '22.509' '22.360' '22.400' '22.495' '22.274' '22.403' '22.582' '22.566'
 '22.508' '22.837' '22.405' '22.510' '22.515' '22.436' '22.520' '22.473'
 '22.438' '22.508' '22.554' '22.450' '22.335' '22.530' '22.491' '22.518'
 '22.499' '22.379' '22.646' '22.525' '22.331' '22.483' '22.490' '22.382'
 '22.415' '22.345' '22.447' '22.292' '22.756' '22.583' '22.310' '22.519'
 '22.343' '22.583' '22.497' '22.437' '22.708' '22.423' '22.359' '22.585'
 '22.512' '22.356' '22.262']
2018-12-02 23:44:46,263 - INFO - ['0.004' '0.004' '0.005' '0.005' '0.005' '0.004' '0.005' '0.005' '0.005'
 '0.004' '0.005' '0.005' '0.005' '0.004' '0.005' '0.005' '0.005' '0.005'
 '0.005' '0.006' '0.005' '0.006' '0.005' '0.007' '0.007' '0.007' '0.007'
 '0.007' '0.007' '0.007' '0.006' '0.007' '0.006' '0.006' '0.007' '0.007'
 '0.006' '0.008' '0.007' '0.007' '0.007' '0.007' '0.009' '0.009' '0.010'
 '0.007' '0.009' '0.010' '0.010' '0.010' '0.010' '0.010' '0.011' '0.009'
 '0.012' '0.010' '0.010' '0.013' '0.012' '0.011' '0.013' '0.014' '0.013'
 '0.013' '0.014' '0.015' '0.016' '0.014' '0.015' '0.016' '0.017' '0.013'
 '0.013' '0.016' '0.014' '0.016' '0.019' '0.016' '0.019' '0.015' '0.015'
 '0.020' '0.021' '0.018' '0.020' '0.021' '0.019' '0.018' '0.020' '0.017'
 '0.097' '0.018' '0.017' '0.022' '0.018' '0.022' '0.022' '0.025' '0.019'
 '0.019' '0.021' '0.022' '0.021' '0.028' '0.021' '0.021' '0.028' '0.030'
 '0.030' '0.020' '0.024' '0.025' '0.028' '0.031' '0.033' '0.026' '0.022'
 '0.025' '0.031' '0.027' '0.025' '0.025' '0.030' '0.031' '0.025' '0.027'
 '0.031' '0.031' '0.028' '0.031' '0.038' '0.031' '0.035' '0.033' '0.035'
 '0.030' '0.027' '0.032' '0.033' '0.033' '0.029' '0.030' '0.033' '0.035'
 '0.039' '0.032' '0.032' '0.040' '0.032' '0.039' '0.045' '0.036' '0.034'
 '0.036' '0.033' '0.040' '0.042' '0.047' '0.039' '0.057' '0.041' '0.037'
 '0.040' '0.052' '0.047' '0.049' '0.046' '0.050' '0.049' '0.055' '0.052']
2018-12-02 23:44:46,381 - INFO - MAG_APER_2
2018-12-02 23:44:46,381 - INFO - ['22.486' '22.487' '22.490' '22.484' '22.470' '22.460' '22.486' '22.683'
 '22.490' '22.458' '22.511' '22.507' '22.485' '22.465' '22.501' '22.496'
 '22.466' '22.505' '22.490' '22.517' '22.483' '22.559' '22.428' '22.470'
 '22.499' '22.493' '22.507' '22.501' '22.490' '22.518' '22.452' '22.457'
 '22.450' '22.450' '22.264' '22.471' '22.447' '22.535' '22.472' '22.498'
 '22.499' '22.440' '22.500' '22.526' '22.496' '22.524' '22.505' '22.427'
 '22.500' '22.515' '22.524' '22.493' '22.451' '22.467' '22.487' '22.529'
 '22.493' '22.550' '22.485' '22.435' '22.461' '22.512' '22.472' '22.438'
 '22.410' '22.435' '22.449' '22.451' '22.407' '22.436' '22.471' '22.462'
 '22.424' '22.466' '22.455' '22.435' '22.521' '22.854' '22.490' '22.411'
 '22.467' '22.492' '22.449' '22.413' '22.931' '22.596' '22.591' '22.573'
 '22.555' '22.464' '24.494' '22.417' '22.430' '22.510' '22.796' '22.666'
 '22.338' '22.434' '22.470' '22.420' '22.519' '22.515' '22.716' '22.478'
 '22.339' '22.422' '22.610' '22.564' '22.613' '22.559' '22.403' '22.372'
 '22.560' '22.534' '22.356' '22.583' '22.460' '23.050' '22.569' '23.123'
 '22.754' '22.403' '22.333' '22.467' '22.361' '22.441' '22.749' '22.623'
 '22.467' '23.186' '22.278' '22.599' '22.538' '22.526' '22.509' '22.531'
 '22.581' '22.535' '22.657' '22.428' '22.431' '22.609' '22.462' '22.555'
 '22.473' '22.498' '22.880' '22.592' '22.486' '22.535' '22.625' '22.405'
 '22.420' '22.319' '22.616' '22.172' '23.135' '22.868' '22.410' '22.644'
 '22.385' '22.714' '22.327' '22.631' '22.629' '22.454' '22.448' '22.688'
 '22.172' '22.504' '22.397']
2018-12-02 23:44:46,382 - INFO - ['0.004' '0.004' '0.005' '0.005' '0.005' '0.004' '0.005' '0.005' '0.005'
 '0.004' '0.005' '0.005' '0.005' '0.004' '0.005' '0.005' '0.005' '0.005'
 '0.005' '0.006' '0.005' '0.006' '0.005' '0.007' '0.007' '0.007' '0.007'
 '0.007' '0.007' '0.007' '0.006' '0.007' '0.006' '0.006' '0.007' '0.007'
 '0.006' '0.008' '0.007' '0.007' '0.007' '0.007' '0.009' '0.009' '0.010'
 '0.007' '0.009' '0.010' '0.010' '0.010' '0.010' '0.010' '0.011' '0.009'
 '0.012' '0.010' '0.010' '0.013' '0.012' '0.011' '0.013' '0.014' '0.013'
 '0.013' '0.014' '0.015' '0.016' '0.014' '0.015' '0.016' '0.017' '0.013'
 '0.013' '0.016' '0.014' '0.016' '0.019' '0.016' '0.019' '0.015' '0.015'
 '0.020' '0.021' '0.018' '0.020' '0.021' '0.019' '0.018' '0.020' '0.017'
 '0.097' '0.018' '0.017' '0.022' '0.018' '0.022' '0.022' '0.025' '0.019'
 '0.019' '0.021' '0.022' '0.021' '0.028' '0.021' '0.021' '0.028' '0.030'
 '0.030' '0.020' '0.024' '0.025' '0.028' '0.031' '0.033' '0.026' '0.022'
 '0.025' '0.031' '0.027' '0.025' '0.025' '0.030' '0.031' '0.025' '0.027'
 '0.031' '0.031' '0.028' '0.031' '0.038' '0.031' '0.035' '0.033' '0.035'
 '0.030' '0.027' '0.032' '0.033' '0.033' '0.029' '0.030' '0.033' '0.035'
 '0.039' '0.032' '0.032' '0.040' '0.032' '0.039' '0.045' '0.036' '0.034'
 '0.036' '0.033' '0.040' '0.042' '0.047' '0.039' '0.057' '0.041' '0.037'
 '0.040' '0.052' '0.047' '0.049' '0.046' '0.050' '0.049' '0.055' '0.052']
2018-12-02 23:44:46,506 - INFO - MAG_APER_3
2018-12-02 23:44:46,506 - INFO - ['22.495' '22.498' '22.498' '22.494' '22.483' '22.492' '22.501' '22.752'
 '22.497' '22.497' '22.525' '22.534' '22.494' '22.505' '22.511' '22.506'
 '22.473' '22.525' '22.493' '22.524' '22.503' '22.579' '22.445' '22.483'
 '22.512' '22.516' '22.534' '22.507' '22.505' '22.534' '22.484' '22.462'
 '22.477' '22.484' '22.280' '22.492' '22.483' '22.574' '22.509' '22.531'
 '22.529' '22.465' '22.497' '22.572' '22.510' '22.569' '22.511' '22.409'
 '22.488' '22.512' '22.570' '22.517' '22.433' '22.519' '22.541' '22.578'
 '22.512' '22.567' '22.499' '22.442' '22.486' '22.492' '22.560' '22.399'
 '22.377' '22.386' '22.427' '22.444' '22.287' '22.438' '22.433' '22.517'
 '22.444' '22.464' '22.483' '22.390' '22.535' '22.933' '22.543' '22.473'
 '22.505' '22.597' '22.410' '22.395' '23.062' '22.674' '22.679' '22.660'
 '22.637' '22.517' '24.533' '22.451' '22.467' '22.530' '22.945' '22.758'
 '22.265' '22.482' '22.484' '22.442' '22.565' '22.485' '22.908' '22.493'
 '22.322' '22.410' '22.624' '22.648' '22.669' '22.719' '22.431' '22.370'
 '22.687' '22.550' '22.310' '22.722' '22.501' '23.394' '22.600' '23.480'
 '22.909' '22.375' '22.375' '22.582' '22.333' '22.406' '22.890' '22.728'
 '22.392' '23.546' '22.288' '22.797' '22.487' '22.615' '22.498' '22.586'
 '22.682' '22.561' '22.750' '22.091' '22.486' '22.623' '22.327' '22.580'
 '22.826' '22.616' '22.936' '22.812' '22.639' '22.552' '22.701' '22.472'
 '22.335' '22.246' '22.723' '21.981' '23.510' '23.086' '22.422' '22.721'
 '22.306' '22.913' '22.578' '22.551' '22.962' '22.301' '22.451' '22.845'
 '22.177' '22.577' '22.562']
2018-12-02 23:44:46,507 - INFO - ['0.004' '0.004' '0.005' '0.005' '0.005' '0.004' '0.005' '0.005' '0.005'
 '0.004' '0.005' '0.005' '0.005' '0.004' '0.005' '0.005' '0.005' '0.005'
 '0.005' '0.006' '0.005' '0.006' '0.005' '0.007' '0.007' '0.007' '0.007'
 '0.007' '0.007' '0.007' '0.006' '0.007' '0.006' '0.006' '0.007' '0.007'
 '0.006' '0.008' '0.007' '0.007' '0.007' '0.007' '0.009' '0.009' '0.010'
 '0.007' '0.009' '0.010' '0.010' '0.010' '0.010' '0.010' '0.011' '0.009'
 '0.012' '0.010' '0.010' '0.013' '0.012' '0.011' '0.013' '0.014' '0.013'
 '0.013' '0.014' '0.015' '0.016' '0.014' '0.015' '0.016' '0.017' '0.013'
 '0.013' '0.016' '0.014' '0.016' '0.019' '0.016' '0.019' '0.015' '0.015'
 '0.020' '0.021' '0.018' '0.020' '0.021' '0.019' '0.018' '0.020' '0.017'
 '0.097' '0.018' '0.017' '0.022' '0.018' '0.022' '0.022' '0.025' '0.019'
 '0.019' '0.021' '0.022' '0.021' '0.028' '0.021' '0.021' '0.028' '0.030'
 '0.030' '0.020' '0.024' '0.025' '0.028' '0.031' '0.033' '0.026' '0.022'
 '0.025' '0.031' '0.027' '0.025' '0.025' '0.030' '0.031' '0.025' '0.027'
 '0.031' '0.031' '0.028' '0.031' '0.038' '0.031' '0.035' '0.033' '0.035'
 '0.030' '0.027' '0.032' '0.033' '0.033' '0.029' '0.030' '0.033' '0.035'
 '0.039' '0.032' '0.032' '0.040' '0.032' '0.039' '0.045' '0.036' '0.034'
 '0.036' '0.033' '0.040' '0.042' '0.047' '0.039' '0.057' '0.041' '0.037'
 '0.040' '0.052' '0.047' '0.049' '0.046' '0.050' '0.049' '0.055' '0.052']
2018-12-02 23:44:50,090 - INFO - Step 4: Aperture photometry
2018-12-02 23:44:50,090 - INFO - Run sextractor
2018-12-02 23:44:50,112 - WARNING - Ouch, SExtractor complains :
2018-12-02 23:44:50,112 - WARNING - b''
2018-12-02 23:45:01,225 - WARNING - Ouch, SExtractor complains :
2018-12-02 23:45:01,225 - WARNING - b''
2018-12-02 23:45:04,352 - INFO - Post-process Sextractor output
2018-12-02 23:45:04,353 - INFO - 1) Set negavitve fluxes to NaN
2018-12-02 23:45:04,353 - INFO - 2) Recompute magnitude errors (becomes asymmetric). Done to be consistent with forced photometry.
2018-12-02 23:45:04,420 - INFO - Convert instrumental to calibrated magnitudes
2018-12-02 23:45:04,492 - INFO - Step 5: Summaries
2018-12-02 23:45:04,496 - INFO - Zeropoint summary
2018-12-02 23:45:04,496 - INFO -   METHOD     ZP   ZP_ERRP ZP_ERRM  NUMBER r(FWHM) diam(px) MAG_3UL_GLOB AP_cor
---------- ------ ------- ------- ------- ------- -------- ------------ ------
  MAG_AUTO 22.435   0.004   0.004     146     nan      nan       21.571  0.068
 MAG_PETRO 22.468   0.005   0.005     145     nan      nan       21.498  0.035
  MAG_APER 22.283   0.012   0.012     170     1.0    7.440       22.724  0.220
MAG_APER_1 22.456   0.006   0.009     161     2.0   14.880       21.526  0.047
MAG_APER_2 22.485   0.005   0.006     150     3.0   22.320       21.154  0.018
MAG_APER_3 22.503   0.005   0.005     147     4.0   29.760       20.780  0.000
2018-12-02 23:45:05,044 - INFO - One or more object found within 5.0 arcsec from the source position
2018-12-02 23:45:05,086 - INFO - Photometry summary
2018-12-02 23:45:05,086 - INFO -           PROPERTY            VALUE   ERROR+ ERROR-       COMMENT       
--------------------------- --------- ------ ------ --------------------
                   FILENAME       nan    nan    nan SN2015bn_SDSS_r.fits
                   DATE-OBS       nan    nan    nan                  ...
                        MJD       nan    nan    nan                  ...
                    EXPTIME       nan    nan    nan                  ...
                   NCOMBINE       nan    nan    nan                    1
                    PHOTCAL       nan    nan    nan               SDSS/r
                         RA 173.42313    nan    nan               degree
                        DEC  0.725972    nan    nan               degree
                X_IMAGE_EXP    1514.5    nan    nan                   px
                Y_IMAGE_EXP    1514.5    nan    nan                   px
             XWIN_IMAGE_OBS    1513.9    nan    nan                   px
             YWIN_IMAGE_OBS    1513.9    nan    nan                   px
              DISTANCE (px)      0.86    nan    nan                   px
          DISTANCE (arcsec)      0.34    nan    nan               arcsec
         MAG_APER_PHOTUTILS       nan    nan    nan                  mag
  MAG_APER_PHOTUTILS_3SIGMA       nan    nan    nan                  mag
         FNU_APER_PHOTUTILS       nan    nan    nan                  mag
       MAG_APER_1_PHOTUTILS       nan    nan    nan                  mag
MAG_APER_1_PHOTUTILS_3SIGMA       nan    nan    nan                  mag
       FNU_APER_1_PHOTUTILS       nan    nan    nan                  mag
       MAG_APER_2_PHOTUTILS       nan    nan    nan                  mag
MAG_APER_2_PHOTUTILS_3SIGMA       nan    nan    nan                  mag
       FNU_APER_2_PHOTUTILS       nan    nan    nan                  mag
       MAG_APER_3_PHOTUTILS       nan    nan    nan                  mag
MAG_APER_3_PHOTUTILS_3SIGMA       nan    nan    nan                  mag
       FNU_APER_3_PHOTUTILS       nan    nan    nan                  mag
                   MAG_AUTO    22.846  0.374  0.278                  mag
                  MAG_PETRO    22.971  0.707  0.425                  mag
                   MAG_APER    22.791  0.366  0.273                  mag
                 MAG_APER_1    23.248  1.474  0.603                  mag
                 MAG_APER_2   121.485    nan    nan                  mag
                 MAG_APER_3   121.503    nan    nan                  mag
2018-12-02 23:45:05,088 - INFO - Step 6: Make poststamp
2018-12-02 23:45:16,797 - INFO - Step 7: Save to file
2018-12-02 23:45:21,113 - INFO - Step 8: Remove all temps
